2025-04-09T20:14:06+00:00 DEBUG POST: https://business-api.tiktok.com/tbp/v2.0/business_profile/disconnect?external_data=

{"business_platform":"WOO_COMMERCE","external_business_id":"tt4b_woocommerce_67f1c52a302db"}
 ajax: no
2025-04-09T20:14:07+00:00 DEBUG Tt4b_Mapi_Class::tbp_post: Response: 

HTTP/1.1 200 OK
Content-Type: application/json; charset=utf-8
Content-Length: 95
X-Api-Deprecation-Info: API for Business Version 1.3 is now live. To avoid disruption to your business, we recommend you migrate all calls to v1.3 as soon as possible. Please visit our migration guide for more details: https://ads.tiktok.com/marketing_api/docs?id=1740029169927169
X-Domain-Change-Info: We have moved to the new domain business-api.tiktok.com for API services after the Platform Upgrade on 09/30/2021. Please update all of your requests with the new domain if you haven't done so already. For more information, please visit https://ads.tiktok.com/marketing_api/docs?rid=esb88xalm6m&id=1709207085043713
X-Tt-Logid: 20250409201406905A0027329A6AD25C4F
x-tt-trace-host: 0129ba33f97e032044687d70228f8aeb47dcd2c412efb3a0e0e8566478449ac2cede1b0723fd94f8cf71df0a0c1fc44fea89a0cfd45fe5b5474e3d947196834bac784767541ed0cc7e97d64a89f5fe005441f0dac706933a11e9f7a324633b7f2dadb6adb00d349aefcb4c5438254acfd7
x-tt-trace-id: 00-250409201406905A0027329A6AD25C4F-0216D0FA790582BF-00
Server: TLB
X-Origin-Response-Time: 13,23.54.124.50
X-Akamai-Request-ID: 1a0ec1b6.75d77f8f
Expires: Wed, 09 Apr 2025 20:14:07 GMT
Cache-Control: max-age=0, no-cache, no-store
Pragma: no-cache
Date: Wed, 09 Apr 2025 20:14:07 GMT
X-Cache: TCP_MISS from a23-43-242-124.deploy.akamaitechnologies.com (AkamaiGHost/22.0.1.1-1eb06f337eca40b3482aa107e6b7c368) (-)
Connection: close
X-Cache-Remote: TCP_MISS from a23-54-124-50.deploy.akamaitechnologies.com (AkamaiGHost/22.0.1.1-1eb06f337eca40b3482aa107e6b7c368) (-)
x-tt-trace-tag: id=16;cdn-cache=miss;type=dyn
Server-Timing: cdn-cache; desc=MISS, edge; dur=214, origin; dur=12
Server-Timing: inner; dur=8
X-Parent-Response-Time: 222,23.43.242.124

{"code":40001,"message":"Permission denied.","request_id":"20250409201406905A0027329A6AD25C4F"}

2025-04-09T20:14:07+00:00 DEBUG POST: https://business-api.tiktok.com/tbp/v2.0/shop/connection/disconnect?external_data=

--- EMPTY STRING ---
 ajax: no
2025-04-09T20:14:07+00:00 DEBUG Tt4b_Mapi_Class::tts_shop_disconnect: Response: 

HTTP/1.1 200 OK
Content-Type: application/json; charset=utf-8
Content-Length: 95
X-Api-Deprecation-Info: API for Business Version 1.3 is now live. To avoid disruption to your business, we recommend you migrate all calls to v1.3 as soon as possible. Please visit our migration guide for more details: https://ads.tiktok.com/marketing_api/docs?id=1740029169927169
X-Domain-Change-Info: We have moved to the new domain business-api.tiktok.com for API services after the Platform Upgrade on 09/30/2021. Please update all of your requests with the new domain if you haven't done so already. For more information, please visit https://ads.tiktok.com/marketing_api/docs?rid=esb88xalm6m&id=1709207085043713
X-Tt-Logid: 2025040920140731623068DA6F02CFC5B4
x-tt-trace-host: 0129ba33f97e032044687d70228f8aeb473c4f932226e10e299c95a6c7173273cebd0c6ef63c92bd0cc1e710beeda66c3f85191b0287aa66c4b452c5f22b5aa0c1f724268cc1b3cc2e43b3af1f037e5ec2cf4b7df2be759a8d274346bd7c381311ddbdbe7af6f9248f8d43efc77709eba9
x-tt-trace-id: 00-25040920140731623068DA6F02CFC5B4-3337BFAA4E899AEB-00
Server: TLB
X-Origin-Response-Time: 10,184.85.101.79
X-Akamai-Request-ID: 3be42001.75d78844
Expires: Wed, 09 Apr 2025 20:14:08 GMT
Cache-Control: max-age=0, no-cache, no-store
Pragma: no-cache
Date: Wed, 09 Apr 2025 20:14:08 GMT
X-Cache: TCP_MISS from a23-43-242-124.deploy.akamaitechnologies.com (AkamaiGHost/22.0.1.1-1eb06f337eca40b3482aa107e6b7c368) (-)
Connection: close
X-Cache-Remote: TCP_MISS from a184-85-101-79.deploy.akamaitechnologies.com (AkamaiGHost/22.0.1.1-1eb06f337eca40b3482aa107e6b7c368) (-)
x-tt-trace-tag: id=16;cdn-cache=miss;type=dyn
Server-Timing: cdn-cache; desc=MISS, edge; dur=213, origin; dur=9
Server-Timing: inner; dur=5
X-Parent-Response-Time: 220,23.43.242.124

{"code":40001,"message":"Permission denied.","request_id":"2025040920140731623068DA6F02CFC5B4"}

